{"message":"lallalalal","stack":"Error: lallalalal\n    at router.get (C:\\Users\\vova\\Desktop\\Repositorys\\Learn_JS\\NodeJs\\vidly_server\\routes\\genres.js:8:9)\n    at newFn (C:\\Users\\vova\\Desktop\\Repositorys\\Learn_JS\\NodeJs\\vidly_server\\node_modules\\express-async-errors\\index.js:16:20)\n    at Layer.handle [as handle_request] (C:\\Users\\vova\\Desktop\\Repositorys\\Learn_JS\\NodeJs\\vidly_server\\node_modules\\express\\lib\\router\\layer.js:95:5)\n    at next (C:\\Users\\vova\\Desktop\\Repositorys\\Learn_JS\\NodeJs\\vidly_server\\node_modules\\express\\lib\\router\\route.js:137:13)\n    at Route.dispatch (C:\\Users\\vova\\Desktop\\Repositorys\\Learn_JS\\NodeJs\\vidly_server\\node_modules\\express\\lib\\router\\route.js:112:3)\n    at newFn (C:\\Users\\vova\\Desktop\\Repositorys\\Learn_JS\\NodeJs\\vidly_server\\node_modules\\express-async-errors\\index.js:16:20)\n    at Layer.handle [as handle_request] (C:\\Users\\vova\\Desktop\\Repositorys\\Learn_JS\\NodeJs\\vidly_server\\node_modules\\express\\lib\\router\\layer.js:95:5)\n    at C:\\Users\\vova\\Desktop\\Repositorys\\Learn_JS\\NodeJs\\vidly_server\\node_modules\\express\\lib\\router\\index.js:281:22\n    at Function.process_params (C:\\Users\\vova\\Desktop\\Repositorys\\Learn_JS\\NodeJs\\vidly_server\\node_modules\\express\\lib\\router\\index.js:335:12)\n    at next (C:\\Users\\vova\\Desktop\\Repositorys\\Learn_JS\\NodeJs\\vidly_server\\node_modules\\express\\lib\\router\\index.js:275:10)\n    at Function.handle (C:\\Users\\vova\\Desktop\\Repositorys\\Learn_JS\\NodeJs\\vidly_server\\node_modules\\express\\lib\\router\\index.js:174:3)\n    at router (C:\\Users\\vova\\Desktop\\Repositorys\\Learn_JS\\NodeJs\\vidly_server\\node_modules\\express\\lib\\router\\index.js:47:12)\n    at newFn (C:\\Users\\vova\\Desktop\\Repositorys\\Learn_JS\\NodeJs\\vidly_server\\node_modules\\express-async-errors\\index.js:16:20)\n    at Layer.handle [as handle_request] (C:\\Users\\vova\\Desktop\\Repositorys\\Learn_JS\\NodeJs\\vidly_server\\node_modules\\express\\lib\\router\\layer.js:95:5)\n    at trim_prefix (C:\\Users\\vova\\Desktop\\Repositorys\\Learn_JS\\NodeJs\\vidly_server\\node_modules\\express\\lib\\router\\index.js:317:13)\n    at C:\\Users\\vova\\Desktop\\Repositorys\\Learn_JS\\NodeJs\\vidly_server\\node_modules\\express\\lib\\router\\index.js:284:7\n    at Function.process_params (C:\\Users\\vova\\Desktop\\Repositorys\\Learn_JS\\NodeJs\\vidly_server\\node_modules\\express\\lib\\router\\index.js:335:12)\n    at next (C:\\Users\\vova\\Desktop\\Repositorys\\Learn_JS\\NodeJs\\vidly_server\\node_modules\\express\\lib\\router\\index.js:275:10)\n    at jsonParser (C:\\Users\\vova\\Desktop\\Repositorys\\Learn_JS\\NodeJs\\vidly_server\\node_modules\\body-parser\\lib\\types\\json.js:110:7)\n    at newFn (C:\\Users\\vova\\Desktop\\Repositorys\\Learn_JS\\NodeJs\\vidly_server\\node_modules\\express-async-errors\\index.js:16:20)\n    at Layer.handle [as handle_request] (C:\\Users\\vova\\Desktop\\Repositorys\\Learn_JS\\NodeJs\\vidly_server\\node_modules\\express\\lib\\router\\layer.js:95:5)\n    at trim_prefix (C:\\Users\\vova\\Desktop\\Repositorys\\Learn_JS\\NodeJs\\vidly_server\\node_modules\\express\\lib\\router\\index.js:317:13)","level":"error","timestamp":"2018-11-05T14:46:57.483Z"}
{"message":"lallalalal","stack":"Error: lallalalal\n    at router.get (C:\\Users\\vova\\Desktop\\Repositorys\\Learn_JS\\NodeJs\\vidly_server\\routes\\genres.js:8:9)\n    at newFn (C:\\Users\\vova\\Desktop\\Repositorys\\Learn_JS\\NodeJs\\vidly_server\\node_modules\\express-async-errors\\index.js:16:20)\n    at Layer.handle [as handle_request] (C:\\Users\\vova\\Desktop\\Repositorys\\Learn_JS\\NodeJs\\vidly_server\\node_modules\\express\\lib\\router\\layer.js:95:5)\n    at next (C:\\Users\\vova\\Desktop\\Repositorys\\Learn_JS\\NodeJs\\vidly_server\\node_modules\\express\\lib\\router\\route.js:137:13)\n    at Route.dispatch (C:\\Users\\vova\\Desktop\\Repositorys\\Learn_JS\\NodeJs\\vidly_server\\node_modules\\express\\lib\\router\\route.js:112:3)\n    at newFn (C:\\Users\\vova\\Desktop\\Repositorys\\Learn_JS\\NodeJs\\vidly_server\\node_modules\\express-async-errors\\index.js:16:20)\n    at Layer.handle [as handle_request] (C:\\Users\\vova\\Desktop\\Repositorys\\Learn_JS\\NodeJs\\vidly_server\\node_modules\\express\\lib\\router\\layer.js:95:5)\n    at C:\\Users\\vova\\Desktop\\Repositorys\\Learn_JS\\NodeJs\\vidly_server\\node_modules\\express\\lib\\router\\index.js:281:22\n    at Function.process_params (C:\\Users\\vova\\Desktop\\Repositorys\\Learn_JS\\NodeJs\\vidly_server\\node_modules\\express\\lib\\router\\index.js:335:12)\n    at next (C:\\Users\\vova\\Desktop\\Repositorys\\Learn_JS\\NodeJs\\vidly_server\\node_modules\\express\\lib\\router\\index.js:275:10)\n    at Function.handle (C:\\Users\\vova\\Desktop\\Repositorys\\Learn_JS\\NodeJs\\vidly_server\\node_modules\\express\\lib\\router\\index.js:174:3)\n    at router (C:\\Users\\vova\\Desktop\\Repositorys\\Learn_JS\\NodeJs\\vidly_server\\node_modules\\express\\lib\\router\\index.js:47:12)\n    at newFn (C:\\Users\\vova\\Desktop\\Repositorys\\Learn_JS\\NodeJs\\vidly_server\\node_modules\\express-async-errors\\index.js:16:20)\n    at Layer.handle [as handle_request] (C:\\Users\\vova\\Desktop\\Repositorys\\Learn_JS\\NodeJs\\vidly_server\\node_modules\\express\\lib\\router\\layer.js:95:5)\n    at trim_prefix (C:\\Users\\vova\\Desktop\\Repositorys\\Learn_JS\\NodeJs\\vidly_server\\node_modules\\express\\lib\\router\\index.js:317:13)\n    at C:\\Users\\vova\\Desktop\\Repositorys\\Learn_JS\\NodeJs\\vidly_server\\node_modules\\express\\lib\\router\\index.js:284:7\n    at Function.process_params (C:\\Users\\vova\\Desktop\\Repositorys\\Learn_JS\\NodeJs\\vidly_server\\node_modules\\express\\lib\\router\\index.js:335:12)\n    at next (C:\\Users\\vova\\Desktop\\Repositorys\\Learn_JS\\NodeJs\\vidly_server\\node_modules\\express\\lib\\router\\index.js:275:10)\n    at jsonParser (C:\\Users\\vova\\Desktop\\Repositorys\\Learn_JS\\NodeJs\\vidly_server\\node_modules\\body-parser\\lib\\types\\json.js:110:7)\n    at newFn (C:\\Users\\vova\\Desktop\\Repositorys\\Learn_JS\\NodeJs\\vidly_server\\node_modules\\express-async-errors\\index.js:16:20)\n    at Layer.handle [as handle_request] (C:\\Users\\vova\\Desktop\\Repositorys\\Learn_JS\\NodeJs\\vidly_server\\node_modules\\express\\lib\\router\\layer.js:95:5)\n    at trim_prefix (C:\\Users\\vova\\Desktop\\Repositorys\\Learn_JS\\NodeJs\\vidly_server\\node_modules\\express\\lib\\router\\index.js:317:13)","level":"error","timestamp":"2018-11-05T14:49:07.351Z"}
{"message":"lallalalal","stack":"Error: lallalalal\n    at router.get (C:\\Users\\vova\\Desktop\\Repositorys\\Learn_JS\\NodeJs\\vidly_server\\routes\\genres.js:8:9)\n    at newFn (C:\\Users\\vova\\Desktop\\Repositorys\\Learn_JS\\NodeJs\\vidly_server\\node_modules\\express-async-errors\\index.js:16:20)\n    at Layer.handle [as handle_request] (C:\\Users\\vova\\Desktop\\Repositorys\\Learn_JS\\NodeJs\\vidly_server\\node_modules\\express\\lib\\router\\layer.js:95:5)\n    at next (C:\\Users\\vova\\Desktop\\Repositorys\\Learn_JS\\NodeJs\\vidly_server\\node_modules\\express\\lib\\router\\route.js:137:13)\n    at Route.dispatch (C:\\Users\\vova\\Desktop\\Repositorys\\Learn_JS\\NodeJs\\vidly_server\\node_modules\\express\\lib\\router\\route.js:112:3)\n    at newFn (C:\\Users\\vova\\Desktop\\Repositorys\\Learn_JS\\NodeJs\\vidly_server\\node_modules\\express-async-errors\\index.js:16:20)\n    at Layer.handle [as handle_request] (C:\\Users\\vova\\Desktop\\Repositorys\\Learn_JS\\NodeJs\\vidly_server\\node_modules\\express\\lib\\router\\layer.js:95:5)\n    at C:\\Users\\vova\\Desktop\\Repositorys\\Learn_JS\\NodeJs\\vidly_server\\node_modules\\express\\lib\\router\\index.js:281:22\n    at Function.process_params (C:\\Users\\vova\\Desktop\\Repositorys\\Learn_JS\\NodeJs\\vidly_server\\node_modules\\express\\lib\\router\\index.js:335:12)\n    at next (C:\\Users\\vova\\Desktop\\Repositorys\\Learn_JS\\NodeJs\\vidly_server\\node_modules\\express\\lib\\router\\index.js:275:10)\n    at Function.handle (C:\\Users\\vova\\Desktop\\Repositorys\\Learn_JS\\NodeJs\\vidly_server\\node_modules\\express\\lib\\router\\index.js:174:3)\n    at router (C:\\Users\\vova\\Desktop\\Repositorys\\Learn_JS\\NodeJs\\vidly_server\\node_modules\\express\\lib\\router\\index.js:47:12)\n    at newFn (C:\\Users\\vova\\Desktop\\Repositorys\\Learn_JS\\NodeJs\\vidly_server\\node_modules\\express-async-errors\\index.js:16:20)\n    at Layer.handle [as handle_request] (C:\\Users\\vova\\Desktop\\Repositorys\\Learn_JS\\NodeJs\\vidly_server\\node_modules\\express\\lib\\router\\layer.js:95:5)\n    at trim_prefix (C:\\Users\\vova\\Desktop\\Repositorys\\Learn_JS\\NodeJs\\vidly_server\\node_modules\\express\\lib\\router\\index.js:317:13)\n    at C:\\Users\\vova\\Desktop\\Repositorys\\Learn_JS\\NodeJs\\vidly_server\\node_modules\\express\\lib\\router\\index.js:284:7\n    at Function.process_params (C:\\Users\\vova\\Desktop\\Repositorys\\Learn_JS\\NodeJs\\vidly_server\\node_modules\\express\\lib\\router\\index.js:335:12)\n    at next (C:\\Users\\vova\\Desktop\\Repositorys\\Learn_JS\\NodeJs\\vidly_server\\node_modules\\express\\lib\\router\\index.js:275:10)\n    at jsonParser (C:\\Users\\vova\\Desktop\\Repositorys\\Learn_JS\\NodeJs\\vidly_server\\node_modules\\body-parser\\lib\\types\\json.js:110:7)\n    at newFn (C:\\Users\\vova\\Desktop\\Repositorys\\Learn_JS\\NodeJs\\vidly_server\\node_modules\\express-async-errors\\index.js:16:20)\n    at Layer.handle [as handle_request] (C:\\Users\\vova\\Desktop\\Repositorys\\Learn_JS\\NodeJs\\vidly_server\\node_modules\\express\\lib\\router\\layer.js:95:5)\n    at trim_prefix (C:\\Users\\vova\\Desktop\\Repositorys\\Learn_JS\\NodeJs\\vidly_server\\node_modules\\express\\lib\\router\\index.js:317:13)","level":"error","timestamp":"2018-11-05T15:28:20.946Z"}
{"level":"info","message":"Server started in port 3002...","timestamp":"2018-11-05T19:11:41.291Z"}
{"level":"info","message":"Server started in port 3002...","timestamp":"2018-11-05T19:12:36.130Z"}
{"level":"info","message":"Connected to MongoDB","timestamp":"2018-11-05T19:12:37.214Z"}
{"level":"info","message":"Server started in port 3002...","timestamp":"2018-11-05T19:15:29.026Z"}
{"level":"info","message":"Connected to MongoDB","timestamp":"2018-11-05T19:15:30.093Z"}
{"level":"info","message":"Server started in port 3002...","timestamp":"2018-11-12T10:01:05.164Z"}
{"level":"info","message":"Connected to MongoDB","timestamp":"2018-11-12T10:01:06.220Z"}
{"level":"info","message":"Server started in port 3002...","timestamp":"2018-11-12T11:32:04.157Z"}
{"level":"info","message":"Connected to MongoDB","timestamp":"2018-11-12T11:32:05.215Z"}
{"level":"info","message":"Server started in port 3002...","timestamp":"2018-11-12T11:32:22.928Z"}
{"level":"info","message":"Connected to MongoDB","timestamp":"2018-11-12T11:32:24.007Z"}
{"level":"info","message":"Server started in port 3002...","timestamp":"2018-11-12T11:37:38.021Z"}
{"level":"info","message":"Connected to MongoDB","timestamp":"2018-11-12T11:37:39.104Z"}
{"level":"info","message":"Server started in port 3002...","timestamp":"2018-11-12T11:48:15.573Z"}
{"level":"info","message":"Connected to MongoDB","timestamp":"2018-11-12T11:48:16.645Z"}
{"level":"info","message":"Server started in port 3002...","timestamp":"2018-11-12T12:04:03.648Z"}
{"level":"info","message":"Connected to MongoDB","timestamp":"2018-11-12T12:04:04.725Z"}
{"level":"info","message":"Server started in port 3002...","timestamp":"2018-11-12T13:55:20.379Z"}
{"level":"info","message":"Connected to MongoDB","timestamp":"2018-11-12T13:55:21.450Z"}
{"level":"info","message":"Server started in port 3002...","timestamp":"2018-11-12T13:55:34.112Z"}
{"level":"info","message":"Connected to MongoDB","timestamp":"2018-11-12T13:55:35.182Z"}
{"level":"info","message":"Server started in port 3002...","timestamp":"2018-11-12T13:57:39.887Z"}
{"level":"info","message":"Connected to MongoDB","timestamp":"2018-11-12T13:57:40.957Z"}
{"level":"info","message":"Server started in port 3002...","timestamp":"2018-11-12T13:58:00.357Z"}
{"level":"info","message":"Connected to MongoDB","timestamp":"2018-11-12T13:58:01.432Z"}
{"level":"info","message":"Server started in port 3002...","timestamp":"2018-11-12T13:58:48.123Z"}
{"level":"info","message":"Connected to MongoDB","timestamp":"2018-11-12T13:58:49.209Z"}
{"level":"info","message":"Server started in port 3002...","timestamp":"2018-11-12T13:59:52.239Z"}
{"level":"info","message":"Connected to MongoDB","timestamp":"2018-11-12T13:59:53.316Z"}
{"level":"info","message":"Server started in port 3002...","timestamp":"2018-11-12T14:00:08.160Z"}
{"level":"info","message":"Connected to MongoDB","timestamp":"2018-11-12T14:00:09.225Z"}
{"level":"info","message":"Server started in port 3002...","timestamp":"2018-11-12T14:00:27.599Z"}
{"level":"info","message":"Connected to MongoDB","timestamp":"2018-11-12T14:00:28.679Z"}
{"level":"info","message":"Server started in port 3002...","timestamp":"2018-11-12T14:04:34.202Z"}
{"level":"info","message":"Connected to MongoDB","timestamp":"2018-11-12T14:04:35.274Z"}
{"level":"info","message":"Server started in port 3002...","timestamp":"2018-11-12T14:05:55.327Z"}
{"level":"info","message":"Connected to MongoDB","timestamp":"2018-11-12T14:05:56.396Z"}
{"level":"info","message":"Server started in port 3002...","timestamp":"2018-11-12T14:09:30.867Z"}
{"level":"info","message":"Connected to MongoDB","timestamp":"2018-11-12T14:09:31.939Z"}
{"level":"info","message":"Server started in port 3002...","timestamp":"2018-11-12T14:10:04.587Z"}
{"level":"info","message":"Connected to MongoDB","timestamp":"2018-11-12T14:10:05.653Z"}
{"level":"info","message":"Server started in port 3002...","timestamp":"2018-11-12T14:11:13.353Z"}
{"level":"info","message":"Connected to MongoDB","timestamp":"2018-11-12T14:11:14.425Z"}
{"level":"info","message":"Server started in port 3002...","timestamp":"2018-11-12T14:11:34.181Z"}
{"level":"info","message":"Connected to MongoDB","timestamp":"2018-11-12T14:11:35.255Z"}
{"level":"info","message":"Server started in port 3002...","timestamp":"2018-11-12T14:12:04.978Z"}
{"level":"info","message":"Connected to MongoDB","timestamp":"2018-11-12T14:12:06.056Z"}
{"level":"info","message":"Server started in port 3002...","timestamp":"2018-11-12T14:12:14.351Z"}
{"level":"info","message":"Connected to MongoDB","timestamp":"2018-11-12T14:12:15.422Z"}
{"level":"info","message":"Server started in port 3002...","timestamp":"2018-11-12T14:13:15.560Z"}
{"level":"info","message":"Connected to MongoDB","timestamp":"2018-11-12T14:13:16.634Z"}
{"level":"info","message":"Server started in port 3002...","timestamp":"2018-11-12T14:13:30.180Z"}
{"level":"info","message":"Connected to MongoDB","timestamp":"2018-11-12T14:13:31.245Z"}
{"level":"info","message":"Server started in port 3002...","timestamp":"2018-11-13T12:28:42.962Z"}
{"level":"info","message":"Connected to MongoDB mongodb://localhost/vidly1...","timestamp":"2018-11-13T12:28:44.135Z"}
{"level":"info","message":"Server started in port 3002...","timestamp":"2018-11-13T12:29:51.641Z"}
{"level":"info","message":"Connected to MongoDB mongodb://localhost/vidly1_tests...","timestamp":"2018-11-13T12:29:52.807Z"}
{"level":"info","message":"Server started in port 3002...","timestamp":"2018-11-13T13:00:21.447Z"}
{"level":"info","message":"Server started in port 3002...","timestamp":"2018-11-13T13:02:17.612Z"}
{"level":"info","message":"Connected to MongoDB mongodb://localhost/vidly1_tests...","timestamp":"2018-11-13T13:02:18.772Z"}
{"level":"info","message":"Server started in port 3002...","timestamp":"2018-11-13T13:04:13.635Z"}
{"level":"info","message":"Connected to MongoDB mongodb://localhost/vidly1_tests...","timestamp":"2018-11-13T13:04:14.858Z"}
{"level":"info","message":"Server started in port 3002...","timestamp":"2018-11-13T13:46:13.374Z"}
{"level":"info","message":"Connected to MongoDB mongodb://localhost/vidly1_tests...","timestamp":"2018-11-13T13:46:14.628Z"}
{"level":"info","message":"Server started in port 3002...","timestamp":"2018-11-13T13:47:00.902Z"}
{"level":"info","message":"Connected to MongoDB mongodb://localhost/vidly1_tests...","timestamp":"2018-11-13T13:47:02.097Z"}
{"level":"info","message":"Server started in port 3002...","timestamp":"2018-11-13T13:48:12.163Z"}
{"level":"info","message":"Connected to MongoDB mongodb://localhost/vidly1_tests...","timestamp":"2018-11-13T13:48:13.338Z"}
{"level":"info","message":"Server started in port 3002...","timestamp":"2018-11-13T13:50:22.456Z"}
{"level":"info","message":"Connected to MongoDB mongodb://localhost/vidly1_tests...","timestamp":"2018-11-13T13:50:23.670Z"}
{"level":"info","message":"Server started in port 3002...","timestamp":"2018-11-13T13:51:14.086Z"}
{"level":"info","message":"Connected to MongoDB mongodb://localhost/vidly1_tests...","timestamp":"2018-11-13T13:51:15.230Z"}
{"level":"info","message":"Server started in port 3002...","timestamp":"2018-11-13T13:52:43.556Z"}
{"level":"info","message":"Connected to MongoDB mongodb://localhost/vidly1_tests...","timestamp":"2018-11-13T13:52:44.914Z"}
{"level":"info","message":"Server started in port 3002...","timestamp":"2018-11-13T14:08:45.751Z"}
{"level":"info","message":"Connected to MongoDB mongodb://localhost/vidly1_tests...","timestamp":"2018-11-13T14:08:46.966Z"}
{"level":"info","message":"Server started in port 3002...","timestamp":"2018-11-13T14:13:38.392Z"}
{"level":"info","message":"Connected to MongoDB mongodb://localhost/vidly1_tests...","timestamp":"2018-11-13T14:13:39.554Z"}
{"level":"info","message":"Server started in port 3002...","timestamp":"2018-11-13T14:16:28.267Z"}
{"level":"info","message":"Connected to MongoDB mongodb://localhost/vidly1_tests...","timestamp":"2018-11-13T14:16:29.799Z"}
{"level":"info","message":"Server started in port 3002...","timestamp":"2018-11-13T14:20:12.538Z"}
{"level":"info","message":"Connected to MongoDB mongodb://localhost/vidly1_tests...","timestamp":"2018-11-13T14:20:13.719Z"}
{"level":"info","message":"Server started in port 3002...","timestamp":"2018-11-13T14:25:16.098Z"}
{"level":"info","message":"Connected to MongoDB mongodb://localhost/vidly1_tests...","timestamp":"2018-11-13T14:25:17.263Z"}
{"level":"info","message":"Server started in port 3002...","timestamp":"2018-11-13T14:26:35.856Z"}
{"level":"info","message":"Connected to MongoDB mongodb://localhost/vidly1_tests...","timestamp":"2018-11-13T14:26:37.099Z"}
{"level":"info","message":"Server started in port 3002...","timestamp":"2018-11-13T14:37:36.176Z"}
{"level":"info","message":"Connected to MongoDB mongodb://localhost/vidly1_tests...","timestamp":"2018-11-13T14:37:37.345Z"}
{"level":"info","message":"Server started in port 3002...","timestamp":"2018-11-13T14:39:06.203Z"}
{"level":"info","message":"Connected to MongoDB mongodb://localhost/vidly1_tests...","timestamp":"2018-11-13T14:39:07.556Z"}
{"level":"info","message":"Server started in port 3002...","timestamp":"2018-11-13T14:40:48.150Z"}
{"level":"info","message":"Connected to MongoDB mongodb://localhost/vidly1_tests...","timestamp":"2018-11-13T14:40:49.412Z"}
{"level":"info","message":"Server started in port 3002...","timestamp":"2018-11-13T14:42:00.879Z"}
{"level":"info","message":"Connected to MongoDB mongodb://localhost/vidly1_tests...","timestamp":"2018-11-13T14:42:02.221Z"}
{"message":"Cast to ObjectId failed for value \"1\" at path \"_id\" for model \"Genre\"","stack":"CastError: Cast to ObjectId failed for value \"1\" at path \"_id\" for model \"Genre\"\n    at new CastError (C:\\Users\\vova\\Desktop\\Repositorys\\Learn_JS\\NodeJs\\vidly_server\\node_modules\\mongoose\\lib\\error\\cast.js:29:11)\n    at ObjectId.Object.<anonymous>.ObjectId.cast (C:\\Users\\vova\\Desktop\\Repositorys\\Learn_JS\\NodeJs\\vidly_server\\node_modules\\mongoose\\lib\\schema\\objectid.js:156:13)\n    at ObjectId.Object.<anonymous>.SchemaType.applySetters (C:\\Users\\vova\\Desktop\\Repositorys\\Learn_JS\\NodeJs\\vidly_server\\node_modules\\mongoose\\lib\\schematype.js:763:12)\n    at ObjectId.Object.<anonymous>.SchemaType._castForQuery (C:\\Users\\vova\\Desktop\\Repositorys\\Learn_JS\\NodeJs\\vidly_server\\node_modules\\mongoose\\lib\\schematype.js:1166:15)\n    at ObjectId.Object.<anonymous>.SchemaType.castForQuery (C:\\Users\\vova\\Desktop\\Repositorys\\Learn_JS\\NodeJs\\vidly_server\\node_modules\\mongoose\\lib\\schematype.js:1156:15)\n    at ObjectId.Object.<anonymous>.SchemaType.castForQueryWrapper (C:\\Users\\vova\\Desktop\\Repositorys\\Learn_JS\\NodeJs\\vidly_server\\node_modules\\mongoose\\lib\\schematype.js:1135:15)\n    at cast (C:\\Users\\vova\\Desktop\\Repositorys\\Learn_JS\\NodeJs\\vidly_server\\node_modules\\mongoose\\lib\\cast.js:306:32)\n    at model.Query.Object.<anonymous>.Query.cast (C:\\Users\\vova\\Desktop\\Repositorys\\Learn_JS\\NodeJs\\vidly_server\\node_modules\\mongoose\\lib\\query.js:4024:12)\n    at model.Query.Object.<anonymous>.Query._castConditions (C:\\Users\\vova\\Desktop\\Repositorys\\Learn_JS\\NodeJs\\vidly_server\\node_modules\\mongoose\\lib\\query.js:1690:10)\n    at model.Query.Object.<anonymous>.Query._findOne (C:\\Users\\vova\\Desktop\\Repositorys\\Learn_JS\\NodeJs\\vidly_server\\node_modules\\mongoose\\lib\\query.js:1926:8)\n    at process.nextTick (C:\\Users\\vova\\Desktop\\Repositorys\\Learn_JS\\NodeJs\\vidly_server\\node_modules\\kareem\\index.js:369:33)\n    at process._tickCallback (internal/process/next_tick.js:61:11)","name":"CastError","stringValue":"\"1\"","kind":"ObjectId","value":"1","path":"_id","level":"error","timestamp":"2018-11-13T14:42:03.845Z"}
{"level":"info","message":"Server started in port 3002...","timestamp":"2018-11-13T14:44:01.916Z"}
{"level":"info","message":"Connected to MongoDB mongodb://localhost/vidly1_tests...","timestamp":"2018-11-13T14:44:03.070Z"}
{"message":"Cast to ObjectId failed for value \"1\" at path \"_id\" for model \"Genre\"","stack":"CastError: Cast to ObjectId failed for value \"1\" at path \"_id\" for model \"Genre\"\n    at new CastError (C:\\Users\\vova\\Desktop\\Repositorys\\Learn_JS\\NodeJs\\vidly_server\\node_modules\\mongoose\\lib\\error\\cast.js:29:11)\n    at ObjectId.Object.<anonymous>.ObjectId.cast (C:\\Users\\vova\\Desktop\\Repositorys\\Learn_JS\\NodeJs\\vidly_server\\node_modules\\mongoose\\lib\\schema\\objectid.js:156:13)\n    at ObjectId.Object.<anonymous>.SchemaType.applySetters (C:\\Users\\vova\\Desktop\\Repositorys\\Learn_JS\\NodeJs\\vidly_server\\node_modules\\mongoose\\lib\\schematype.js:763:12)\n    at ObjectId.Object.<anonymous>.SchemaType._castForQuery (C:\\Users\\vova\\Desktop\\Repositorys\\Learn_JS\\NodeJs\\vidly_server\\node_modules\\mongoose\\lib\\schematype.js:1166:15)\n    at ObjectId.Object.<anonymous>.SchemaType.castForQuery (C:\\Users\\vova\\Desktop\\Repositorys\\Learn_JS\\NodeJs\\vidly_server\\node_modules\\mongoose\\lib\\schematype.js:1156:15)\n    at ObjectId.Object.<anonymous>.SchemaType.castForQueryWrapper (C:\\Users\\vova\\Desktop\\Repositorys\\Learn_JS\\NodeJs\\vidly_server\\node_modules\\mongoose\\lib\\schematype.js:1135:15)\n    at cast (C:\\Users\\vova\\Desktop\\Repositorys\\Learn_JS\\NodeJs\\vidly_server\\node_modules\\mongoose\\lib\\cast.js:306:32)\n    at model.Query.Object.<anonymous>.Query.cast (C:\\Users\\vova\\Desktop\\Repositorys\\Learn_JS\\NodeJs\\vidly_server\\node_modules\\mongoose\\lib\\query.js:4024:12)\n    at model.Query.Object.<anonymous>.Query._castConditions (C:\\Users\\vova\\Desktop\\Repositorys\\Learn_JS\\NodeJs\\vidly_server\\node_modules\\mongoose\\lib\\query.js:1690:10)\n    at model.Query.Object.<anonymous>.Query._findOne (C:\\Users\\vova\\Desktop\\Repositorys\\Learn_JS\\NodeJs\\vidly_server\\node_modules\\mongoose\\lib\\query.js:1926:8)\n    at process.nextTick (C:\\Users\\vova\\Desktop\\Repositorys\\Learn_JS\\NodeJs\\vidly_server\\node_modules\\kareem\\index.js:369:33)\n    at process._tickCallback (internal/process/next_tick.js:61:11)","name":"CastError","stringValue":"\"1\"","kind":"ObjectId","value":"1","path":"_id","level":"error","timestamp":"2018-11-13T14:44:04.362Z"}
{"level":"info","message":"Server started in port 3002...","timestamp":"2018-11-13T14:56:41.524Z"}
{"level":"info","message":"Connected to MongoDB mongodb://localhost/vidly1_tests...","timestamp":"2018-11-13T14:56:42.722Z"}
{"message":"Cast to ObjectId failed for value \"1\" at path \"_id\" for model \"Genre\"","stack":"CastError: Cast to ObjectId failed for value \"1\" at path \"_id\" for model \"Genre\"\n    at new CastError (C:\\Users\\vova\\Desktop\\Repositorys\\Learn_JS\\NodeJs\\vidly_server\\node_modules\\mongoose\\lib\\error\\cast.js:29:11)\n    at ObjectId.Object.<anonymous>.ObjectId.cast (C:\\Users\\vova\\Desktop\\Repositorys\\Learn_JS\\NodeJs\\vidly_server\\node_modules\\mongoose\\lib\\schema\\objectid.js:156:13)\n    at ObjectId.Object.<anonymous>.SchemaType.applySetters (C:\\Users\\vova\\Desktop\\Repositorys\\Learn_JS\\NodeJs\\vidly_server\\node_modules\\mongoose\\lib\\schematype.js:763:12)\n    at ObjectId.Object.<anonymous>.SchemaType._castForQuery (C:\\Users\\vova\\Desktop\\Repositorys\\Learn_JS\\NodeJs\\vidly_server\\node_modules\\mongoose\\lib\\schematype.js:1166:15)\n    at ObjectId.Object.<anonymous>.SchemaType.castForQuery (C:\\Users\\vova\\Desktop\\Repositorys\\Learn_JS\\NodeJs\\vidly_server\\node_modules\\mongoose\\lib\\schematype.js:1156:15)\n    at ObjectId.Object.<anonymous>.SchemaType.castForQueryWrapper (C:\\Users\\vova\\Desktop\\Repositorys\\Learn_JS\\NodeJs\\vidly_server\\node_modules\\mongoose\\lib\\schematype.js:1135:15)\n    at cast (C:\\Users\\vova\\Desktop\\Repositorys\\Learn_JS\\NodeJs\\vidly_server\\node_modules\\mongoose\\lib\\cast.js:306:32)\n    at model.Query.Object.<anonymous>.Query.cast (C:\\Users\\vova\\Desktop\\Repositorys\\Learn_JS\\NodeJs\\vidly_server\\node_modules\\mongoose\\lib\\query.js:4024:12)\n    at model.Query.Object.<anonymous>.Query._castConditions (C:\\Users\\vova\\Desktop\\Repositorys\\Learn_JS\\NodeJs\\vidly_server\\node_modules\\mongoose\\lib\\query.js:1690:10)\n    at model.Query.Object.<anonymous>.Query._findOne (C:\\Users\\vova\\Desktop\\Repositorys\\Learn_JS\\NodeJs\\vidly_server\\node_modules\\mongoose\\lib\\query.js:1926:8)\n    at process.nextTick (C:\\Users\\vova\\Desktop\\Repositorys\\Learn_JS\\NodeJs\\vidly_server\\node_modules\\kareem\\index.js:369:33)\n    at process._tickCallback (internal/process/next_tick.js:61:11)","name":"CastError","stringValue":"\"1\"","kind":"ObjectId","value":"1","path":"_id","level":"error","timestamp":"2018-11-13T14:56:44.274Z"}
{"level":"info","message":"Server started in port 3002...","timestamp":"2018-11-13T14:58:32.197Z"}
{"level":"info","message":"Connected to MongoDB mongodb://localhost/vidly1_tests...","timestamp":"2018-11-13T14:58:33.605Z"}
{"message":"Cast to ObjectId failed for value \"1\" at path \"_id\" for model \"Genre\"","stack":"CastError: Cast to ObjectId failed for value \"1\" at path \"_id\" for model \"Genre\"\n    at new CastError (C:\\Users\\vova\\Desktop\\Repositorys\\Learn_JS\\NodeJs\\vidly_server\\node_modules\\mongoose\\lib\\error\\cast.js:29:11)\n    at ObjectId.Object.<anonymous>.ObjectId.cast (C:\\Users\\vova\\Desktop\\Repositorys\\Learn_JS\\NodeJs\\vidly_server\\node_modules\\mongoose\\lib\\schema\\objectid.js:156:13)\n    at ObjectId.Object.<anonymous>.SchemaType.applySetters (C:\\Users\\vova\\Desktop\\Repositorys\\Learn_JS\\NodeJs\\vidly_server\\node_modules\\mongoose\\lib\\schematype.js:763:12)\n    at ObjectId.Object.<anonymous>.SchemaType._castForQuery (C:\\Users\\vova\\Desktop\\Repositorys\\Learn_JS\\NodeJs\\vidly_server\\node_modules\\mongoose\\lib\\schematype.js:1166:15)\n    at ObjectId.Object.<anonymous>.SchemaType.castForQuery (C:\\Users\\vova\\Desktop\\Repositorys\\Learn_JS\\NodeJs\\vidly_server\\node_modules\\mongoose\\lib\\schematype.js:1156:15)\n    at ObjectId.Object.<anonymous>.SchemaType.castForQueryWrapper (C:\\Users\\vova\\Desktop\\Repositorys\\Learn_JS\\NodeJs\\vidly_server\\node_modules\\mongoose\\lib\\schematype.js:1135:15)\n    at cast (C:\\Users\\vova\\Desktop\\Repositorys\\Learn_JS\\NodeJs\\vidly_server\\node_modules\\mongoose\\lib\\cast.js:306:32)\n    at model.Query.Object.<anonymous>.Query.cast (C:\\Users\\vova\\Desktop\\Repositorys\\Learn_JS\\NodeJs\\vidly_server\\node_modules\\mongoose\\lib\\query.js:4024:12)\n    at model.Query.Object.<anonymous>.Query._castConditions (C:\\Users\\vova\\Desktop\\Repositorys\\Learn_JS\\NodeJs\\vidly_server\\node_modules\\mongoose\\lib\\query.js:1690:10)\n    at model.Query.Object.<anonymous>.Query._findOne (C:\\Users\\vova\\Desktop\\Repositorys\\Learn_JS\\NodeJs\\vidly_server\\node_modules\\mongoose\\lib\\query.js:1926:8)\n    at process.nextTick (C:\\Users\\vova\\Desktop\\Repositorys\\Learn_JS\\NodeJs\\vidly_server\\node_modules\\kareem\\index.js:369:33)\n    at process._tickCallback (internal/process/next_tick.js:61:11)","name":"CastError","stringValue":"\"1\"","kind":"ObjectId","value":"1","path":"_id","level":"error","timestamp":"2018-11-13T14:58:35.109Z"}
{"level":"info","message":"Server started in port 3002...","timestamp":"2018-11-13T15:01:05.439Z"}
{"level":"info","message":"Connected to MongoDB mongodb://localhost/vidly1_tests...","timestamp":"2018-11-13T15:01:06.870Z"}
{"message":"Cast to ObjectId failed for value \"1\" at path \"_id\" for model \"Genre\"","stack":"CastError: Cast to ObjectId failed for value \"1\" at path \"_id\" for model \"Genre\"\n    at new CastError (C:\\Users\\vova\\Desktop\\Repositorys\\Learn_JS\\NodeJs\\vidly_server\\node_modules\\mongoose\\lib\\error\\cast.js:29:11)\n    at ObjectId.Object.<anonymous>.ObjectId.cast (C:\\Users\\vova\\Desktop\\Repositorys\\Learn_JS\\NodeJs\\vidly_server\\node_modules\\mongoose\\lib\\schema\\objectid.js:156:13)\n    at ObjectId.Object.<anonymous>.SchemaType.applySetters (C:\\Users\\vova\\Desktop\\Repositorys\\Learn_JS\\NodeJs\\vidly_server\\node_modules\\mongoose\\lib\\schematype.js:763:12)\n    at ObjectId.Object.<anonymous>.SchemaType._castForQuery (C:\\Users\\vova\\Desktop\\Repositorys\\Learn_JS\\NodeJs\\vidly_server\\node_modules\\mongoose\\lib\\schematype.js:1166:15)\n    at ObjectId.Object.<anonymous>.SchemaType.castForQuery (C:\\Users\\vova\\Desktop\\Repositorys\\Learn_JS\\NodeJs\\vidly_server\\node_modules\\mongoose\\lib\\schematype.js:1156:15)\n    at ObjectId.Object.<anonymous>.SchemaType.castForQueryWrapper (C:\\Users\\vova\\Desktop\\Repositorys\\Learn_JS\\NodeJs\\vidly_server\\node_modules\\mongoose\\lib\\schematype.js:1135:15)\n    at cast (C:\\Users\\vova\\Desktop\\Repositorys\\Learn_JS\\NodeJs\\vidly_server\\node_modules\\mongoose\\lib\\cast.js:306:32)\n    at model.Query.Object.<anonymous>.Query.cast (C:\\Users\\vova\\Desktop\\Repositorys\\Learn_JS\\NodeJs\\vidly_server\\node_modules\\mongoose\\lib\\query.js:4024:12)\n    at model.Query.Object.<anonymous>.Query._castConditions (C:\\Users\\vova\\Desktop\\Repositorys\\Learn_JS\\NodeJs\\vidly_server\\node_modules\\mongoose\\lib\\query.js:1690:10)\n    at model.Query.Object.<anonymous>.Query._findOne (C:\\Users\\vova\\Desktop\\Repositorys\\Learn_JS\\NodeJs\\vidly_server\\node_modules\\mongoose\\lib\\query.js:1926:8)\n    at process.nextTick (C:\\Users\\vova\\Desktop\\Repositorys\\Learn_JS\\NodeJs\\vidly_server\\node_modules\\kareem\\index.js:369:33)\n    at process._tickCallback (internal/process/next_tick.js:61:11)","name":"CastError","stringValue":"\"1\"","kind":"ObjectId","value":"1","path":"_id","level":"error","timestamp":"2018-11-13T15:01:08.349Z"}
{"level":"info","message":"Server started in port 3002...","timestamp":"2018-11-13T15:02:54.604Z"}
{"level":"info","message":"Connected to MongoDB mongodb://localhost/vidly1_tests...","timestamp":"2018-11-13T15:02:55.780Z"}
